<?xml version="1.0" encoding="UTF-8"?>
<!-- Generated by org.testng.reporters.JUnitXMLReporter -->
<testsuite ignored="0" hostname="Apples-MacBook-Air.local" failures="4" tests="5" name="Test(failed)" time="78.276" errors="0" timestamp="2022-03-07T23:02:28 IST">
  <testcase classname="com.xyzbanking.testCase.TC_AddCustomerPage_003" name="addNewCustomer" time="21.039"/>
  <testcase classname="com.xyzbanking.testCase.TC_LoginTest_001" name="loginTest" time="2.215">
    <failure type="java.lang.AssertionError">
      <![CDATA[java.lang.AssertionError: 
at com.xyzbanking.testCase.TC_LoginTest_001.loginTest(TC_LoginTest_001.java:36)
at java.base/java.util.ArrayList.forEach(ArrayList.java:1511)
... Removed 30 stack frames]]>
    </failure>
  </testcase> <!-- loginTest -->
  <testcase classname="com.xyzbanking.testCase.TC_LoginDDT_002" name="loginDDT" time="7.734">
    <failure type="java.lang.AssertionError" message="expected [true] but found [false]">
      <![CDATA[java.lang.AssertionError: expected [true] but found [false]
at com.xyzbanking.testCase.TC_LoginDDT_002.loginDDT(TC_LoginDDT_002.java:29)
at java.base/java.util.ArrayList.forEach(ArrayList.java:1511)
... Removed 31 stack frames]]>
    </failure>
  </testcase> <!-- loginDDT -->
  <testcase classname="com.xyzbanking.testCase.TC_LoginDDT_002" name="loginDDT" time="7.572">
    <failure type="java.lang.AssertionError" message="expected [true] but found [false]">
      <![CDATA[java.lang.AssertionError: expected [true] but found [false]
at com.xyzbanking.testCase.TC_LoginDDT_002.loginDDT(TC_LoginDDT_002.java:29)
at java.base/java.util.ArrayList.forEach(ArrayList.java:1511)
... Removed 31 stack frames]]>
    </failure>
  </testcase> <!-- loginDDT -->
  <testcase classname="com.xyzbanking.testCase.TC_LoginDDT_002" name="loginDDT" time="7.562">
    <failure type="java.lang.AssertionError" message="expected [true] but found [false]">
      <![CDATA[java.lang.AssertionError: expected [true] but found [false]
at com.xyzbanking.testCase.TC_LoginDDT_002.loginDDT(TC_LoginDDT_002.java:29)
at java.base/java.util.ArrayList.forEach(ArrayList.java:1511)
... Removed 31 stack frames]]>
    </failure>
  </testcase> <!-- loginDDT -->
</testsuite> <!-- Test(failed) -->
